<?xml version="1.0" encoding="UTF-8"?>
<testsuite name="VoitureTest" tests="5" skipped="0" failures="0" errors="0" timestamp="2024-06-09T11:47:38" hostname="LAPTOP-UMEOJOGB" time="0.099">
  <properties/>
  <testcase name="testSetMarqueVoiture()" classname="VoitureTest" time="0.051"/>
  <testcase name="testToStringVoiture()" classname="VoitureTest" time="0.013"/>
  <testcase name="testSetPrixVoiture()" classname="VoitureTest" time="0.01"/>
  <testcase name="when_getprix_should_return_correct_price()" classname="VoitureTest" time="0.007"/>
  <testcase name="testGetMarqueVoiture()" classname="VoitureTest" time="0.001"/>
  <system-out><![CDATA[]]></system-out>
  <system-err><![CDATA[]]></system-err>
</testsuite>
